<?xml version="1.0" encoding="UTF-8"?>
<!-- Generated by org.testng.reporters.JUnitReportReporter -->
<testsuite hostname="Krithwik" failures="0" tests="3" name="com.qa.runners.TestRunner" time="56.945" errors="0" timestamp="2025-03-10T19:17:31 CET" skipped="0">
  <testcase classname="com.qa.runners.TestRunner" name="runScenario" time="22.784"/>
  <testcase classname="com.qa.runners.TestRunner" name="runScenario" time="17.216"/>
  <testcase classname="com.qa.runners.TestRunner" name="runScenario" time="16.945"/>
</testsuite> <!-- com.qa.runners.TestRunner -->
